<?xml version="1.0" encoding="UTF-8" standalone="no"?>
<testsuite failures="0" name="cucumber.runtime.formatter.JUnitFormatter" skipped="0" tests="1" time="65.355392">
<testcase classname="Ignitho Portal" name="location" time="65.355392">
<system-out><![CDATA[Given user launches the ignitho URL.........................................passed
Then the user validates the home page.......................................passed
When user clicks careers page...............................................passed
Then the user validates the careers page....................................passed
And user clicks open positions..............................................passed
And user select the location as "India".....................................passed
And user clicks on apply button.............................................passed
And user enter the details as  "Niranjana","9600011122","7" and "niranj@gmail.com".passed
]]></system-out>
</testcase>
</testsuite>
